2023-04-29 11:26:15,132 [Worker-1: Loading available Gradle versions] INFO  o.e.b.c.i.u.g.PublishedGradleVersions - Gradle version information cache is up-to-date. Trying to read.
2023-04-29 11:27:48,120 [Worker-8: Creating project "ShopmeProject"] INFO  o.e.m.c.i.l.LifecycleMappingFactory - Using NULL lifecycle mapping for MavenProject: com.shopme:ShopmeProject:0.0.1-SNAPSHOT @ C:\Users\ASUS\OneDrive\Máy tính\bootstrap\ShopmeEcommerce\ShopmeProject\pom.xml.
2023-04-29 11:30:28,353 [Worker-8: Import Getting Started Content] INFO  o.e.m.c.i.l.LifecycleMappingFactory - Using org.eclipse.m2e.jdt.JarLifecycleMapping lifecycle mapping for MavenProject: com.shopme:ShopmeCommon:0.0.1-SNAPSHOT @ C:\Users\ASUS\OneDrive\Máy tính\bootstrap\ShopmeEcommerce\ShopmeProject\ShopmeCommon\pom.xml.
2023-04-29 11:30:29,222 [Worker-8: Import Getting Started Content] INFO  o.e.m.j.i.AbstractJavaProjectConfigurator - Adding source folder /ShopmeCommon/src/main/java
2023-04-29 11:30:29,223 [Worker-8: Import Getting Started Content] INFO  o.e.m.j.i.AbstractJavaProjectConfigurator - Adding resource folder /ShopmeCommon/src/main/resources
2023-04-29 11:30:29,227 [Worker-8: Import Getting Started Content] INFO  o.e.m.j.i.AbstractJavaProjectConfigurator - Adding resource folder /ShopmeCommon/src/main/resources
2023-04-29 11:30:29,230 [Worker-8: Import Getting Started Content] INFO  o.e.m.j.i.AbstractJavaProjectConfigurator - Adding source folder /ShopmeCommon/src/test/java
2023-04-29 11:30:30,374 [Worker-8: Import Getting Started Content] INFO  o.e.m.c.i.p.ProjectConfigurationManager - Imported and configured 1 project(s) in 2 sec
2023-04-29 11:30:30,376 [Worker-8: Import Getting Started Content] INFO  o.e.m.c.i.p.ProjectConfigurationManager - Update started
2023-04-29 11:30:30,595 [Worker-8: Import Getting Started Content] INFO  o.e.m.c.i.l.LifecycleMappingFactory - Using org.eclipse.m2e.jdt.JarLifecycleMapping lifecycle mapping for MavenProject: com.shopme:ShopmeCommon:0.0.1-SNAPSHOT @ C:\Users\ASUS\OneDrive\Máy tính\bootstrap\ShopmeEcommerce\ShopmeProject\ShopmeCommon\pom.xml.
2023-04-29 11:30:31,041 [Worker-8: Import Getting Started Content] INFO  o.e.m.j.i.AbstractJavaProjectConfigurator - Adding source folder /ShopmeCommon/src/main/java
2023-04-29 11:30:31,041 [Worker-8: Import Getting Started Content] INFO  o.e.m.j.i.AbstractJavaProjectConfigurator - Adding resource folder /ShopmeCommon/src/main/resources
2023-04-29 11:30:31,042 [Worker-8: Import Getting Started Content] INFO  o.e.m.j.i.AbstractJavaProjectConfigurator - Adding resource folder /ShopmeCommon/src/main/resources
2023-04-29 11:30:31,043 [Worker-8: Import Getting Started Content] INFO  o.e.m.j.i.AbstractJavaProjectConfigurator - Adding source folder /ShopmeCommon/src/test/java
2023-04-29 11:30:31,599 [Worker-8: Import Getting Started Content] INFO  o.e.m.c.i.p.ProjectConfigurationManager - Update completed for 1 poms: local refresh takes 0,00 sec, refresh facades takes 0,00 sec, update config takes 0,00 sec 
2023-04-29 11:30:32,246 [Worker-13: Building] INFO  o.a.m.s.f.DefaultMavenResourcesFiltering - Copying 1 resource from src\main\resources to target\classes
2023-04-29 11:30:32,268 [Worker-13: Building] INFO  o.a.m.s.f.DefaultMavenResourcesFiltering - Copying 0 resource from src\main\resources to target\classes
2023-04-29 11:30:32,274 [Worker-13: Building] INFO  o.a.m.s.f.DefaultMavenResourcesFiltering - skip non existing resourceDirectory C:\Users\ASUS\OneDrive\Máy tính\bootstrap\ShopmeEcommerce\ShopmeProject\ShopmeCommon\src\test\resources
2023-04-29 11:35:47,116 [Worker-12: Import Getting Started Content] INFO  o.e.m.c.i.l.LifecycleMappingFactory - Using org.eclipse.m2e.jdt.JarLifecycleMapping lifecycle mapping for MavenProject: com.shopme:ShopmeWebParent:0.0.1-SNAPSHOT @ C:\Users\ASUS\OneDrive\Máy tính\bootstrap\ShopmeEcommerce\ShopmeProject\ShopmeWebParent\pom.xml.
2023-04-29 11:35:47,545 [Worker-12: Import Getting Started Content] INFO  o.e.m.j.i.AbstractJavaProjectConfigurator - Adding source folder /ShopmeWebParent/src/main/java
2023-04-29 11:35:47,545 [Worker-12: Import Getting Started Content] INFO  o.e.m.j.i.AbstractJavaProjectConfigurator - Adding resource folder /ShopmeWebParent/src/main/resources
2023-04-29 11:35:47,550 [Worker-12: Import Getting Started Content] INFO  o.e.m.j.i.AbstractJavaProjectConfigurator - Adding resource folder /ShopmeWebParent/src/main/resources
2023-04-29 11:35:47,553 [Worker-12: Import Getting Started Content] INFO  o.e.m.j.i.AbstractJavaProjectConfigurator - Adding source folder /ShopmeWebParent/src/test/java
2023-04-29 11:35:48,022 [Worker-12: Import Getting Started Content] INFO  o.e.m.c.i.p.ProjectConfigurationManager - Imported and configured 1 project(s) in 1 sec
2023-04-29 11:35:48,024 [Worker-12: Import Getting Started Content] INFO  o.e.m.c.i.p.ProjectConfigurationManager - Update started
2023-04-29 11:35:48,315 [Worker-12: Import Getting Started Content] INFO  o.e.m.c.i.l.LifecycleMappingFactory - Using org.eclipse.m2e.jdt.JarLifecycleMapping lifecycle mapping for MavenProject: com.shopme:ShopmeWebParent:0.0.1-SNAPSHOT @ C:\Users\ASUS\OneDrive\Máy tính\bootstrap\ShopmeEcommerce\ShopmeProject\ShopmeWebParent\pom.xml.
2023-04-29 11:35:49,298 [Worker-12: Import Getting Started Content] INFO  o.e.m.j.i.AbstractJavaProjectConfigurator - Adding source folder /ShopmeWebParent/src/main/java
2023-04-29 11:35:49,299 [Worker-12: Import Getting Started Content] INFO  o.e.m.j.i.AbstractJavaProjectConfigurator - Adding resource folder /ShopmeWebParent/src/main/resources
2023-04-29 11:35:49,299 [Worker-12: Import Getting Started Content] INFO  o.e.m.j.i.AbstractJavaProjectConfigurator - Adding resource folder /ShopmeWebParent/src/main/resources
2023-04-29 11:35:49,299 [Worker-12: Import Getting Started Content] INFO  o.e.m.j.i.AbstractJavaProjectConfigurator - Adding source folder /ShopmeWebParent/src/test/java
2023-04-29 11:35:49,578 [Worker-12: Import Getting Started Content] INFO  o.e.m.c.i.p.ProjectConfigurationManager - Update completed for 1 poms: local refresh takes 0,00 sec, refresh facades takes 1,00 sec, update config takes 0,00 sec 
2023-04-29 11:35:50,098 [Worker-11: Building] INFO  o.a.m.s.f.DefaultMavenResourcesFiltering - Copying 1 resource from src\main\resources to target\classes
2023-04-29 11:35:50,118 [Worker-11: Building] INFO  o.a.m.s.f.DefaultMavenResourcesFiltering - Copying 0 resource from src\main\resources to target\classes
2023-04-29 11:35:50,126 [Worker-11: Building] INFO  o.a.m.s.f.DefaultMavenResourcesFiltering - skip non existing resourceDirectory C:\Users\ASUS\OneDrive\Máy tính\bootstrap\ShopmeEcommerce\ShopmeProject\ShopmeWebParent\src\test\resources
2023-04-29 11:40:46,491 [Worker-19: Building] INFO  o.e.m.c.i.l.LifecycleMappingFactory - Using NULL lifecycle mapping for MavenProject: com.shopme:ShopmeProject:0.0.1-SNAPSHOT @ C:\Users\ASUS\OneDrive\Máy tính\bootstrap\ShopmeEcommerce\ShopmeProject\pom.xml.
2023-04-29 11:41:36,649 [Worker-26: Updating Maven Project] INFO  o.e.m.c.i.p.ProjectConfigurationManager - Update started
2023-04-29 11:41:36,923 [Worker-26: Updating Maven Project] INFO  o.e.m.c.i.l.LifecycleMappingFactory - Using NULL lifecycle mapping for MavenProject: com.shopme:ShopmeProject:0.0.1-SNAPSHOT @ C:\Users\ASUS\OneDrive\Máy tính\bootstrap\ShopmeEcommerce\ShopmeProject\pom.xml.
2023-04-29 11:41:36,952 [Worker-26: Updating Maven Project] INFO  o.e.m.c.i.l.LifecycleMappingFactory - Using org.eclipse.m2e.jdt.JarLifecycleMapping lifecycle mapping for MavenProject: com.shopme:ShopmeCommon:0.0.1-SNAPSHOT @ C:\Users\ASUS\OneDrive\Máy tính\bootstrap\ShopmeEcommerce\ShopmeProject\ShopmeCommon\pom.xml.
2023-04-29 11:41:37,131 [Worker-26: Updating Maven Project] INFO  o.e.m.c.i.l.LifecycleMappingFactory - Using org.eclipse.m2e.jdt.JarLifecycleMapping lifecycle mapping for MavenProject: com.shopme:ShopmeWebParent:0.0.1-SNAPSHOT @ C:\Users\ASUS\OneDrive\Máy tính\bootstrap\ShopmeEcommerce\ShopmeProject\ShopmeWebParent\pom.xml.
2023-04-29 11:41:37,440 [Worker-26: Updating Maven Project] INFO  o.e.m.j.i.AbstractJavaProjectConfigurator - Adding source folder /ShopmeCommon/src/main/java
2023-04-29 11:41:37,440 [Worker-26: Updating Maven Project] INFO  o.e.m.j.i.AbstractJavaProjectConfigurator - Adding resource folder /ShopmeCommon/src/main/resources
2023-04-29 11:41:37,440 [Worker-26: Updating Maven Project] INFO  o.e.m.j.i.AbstractJavaProjectConfigurator - Adding resource folder /ShopmeCommon/src/main/resources
2023-04-29 11:41:37,441 [Worker-26: Updating Maven Project] INFO  o.e.m.j.i.AbstractJavaProjectConfigurator - Adding source folder /ShopmeCommon/src/test/java
2023-04-29 11:41:37,596 [Worker-26: Updating Maven Project] INFO  o.e.m.j.i.AbstractJavaProjectConfigurator - Adding source folder /ShopmeWebParent/src/main/java
2023-04-29 11:41:37,596 [Worker-26: Updating Maven Project] INFO  o.e.m.j.i.AbstractJavaProjectConfigurator - Adding resource folder /ShopmeWebParent/src/main/resources
2023-04-29 11:41:37,597 [Worker-26: Updating Maven Project] INFO  o.e.m.j.i.AbstractJavaProjectConfigurator - Adding resource folder /ShopmeWebParent/src/main/resources
2023-04-29 11:41:37,597 [Worker-26: Updating Maven Project] INFO  o.e.m.j.i.AbstractJavaProjectConfigurator - Adding source folder /ShopmeWebParent/src/test/java
2023-04-29 11:41:37,826 [Worker-26: Updating Maven Project] INFO  o.e.m.c.i.p.ProjectConfigurationManager - Update completed for 3 poms: local refresh takes 0,00 sec, refresh facades takes 0,00 sec, update config takes 0,00 sec 
2023-04-29 11:41:38,090 [Worker-25: Building] INFO  o.a.m.s.f.DefaultMavenResourcesFiltering - Copying 1 resource from src\main\resources to target\classes
2023-04-29 11:41:38,103 [Worker-25: Building] INFO  o.a.m.s.f.DefaultMavenResourcesFiltering - Copying 0 resource from src\main\resources to target\classes
2023-04-29 11:41:38,107 [Worker-25: Building] INFO  o.a.m.s.f.DefaultMavenResourcesFiltering - skip non existing resourceDirectory C:\Users\ASUS\OneDrive\Máy tính\bootstrap\ShopmeEcommerce\ShopmeProject\ShopmeCommon\src\test\resources
2023-04-29 11:41:38,266 [Worker-25: Building] INFO  o.a.m.s.f.DefaultMavenResourcesFiltering - Copying 1 resource from src\main\resources to target\classes
2023-04-29 11:41:38,280 [Worker-25: Building] INFO  o.a.m.s.f.DefaultMavenResourcesFiltering - Copying 0 resource from src\main\resources to target\classes
2023-04-29 11:41:38,283 [Worker-25: Building] INFO  o.a.m.s.f.DefaultMavenResourcesFiltering - skip non existing resourceDirectory C:\Users\ASUS\OneDrive\Máy tính\bootstrap\ShopmeEcommerce\ShopmeProject\ShopmeWebParent\src\test\resources
2023-04-29 11:41:46,597 [Worker-27: Updating Maven Project] INFO  o.e.m.c.i.p.ProjectConfigurationManager - Update started
2023-04-29 11:41:46,748 [Worker-27: Updating Maven Project] INFO  o.e.m.c.i.l.LifecycleMappingFactory - Using org.eclipse.m2e.jdt.JarLifecycleMapping lifecycle mapping for MavenProject: com.shopme:ShopmeWebParent:0.0.1-SNAPSHOT @ C:\Users\ASUS\OneDrive\Máy tính\bootstrap\ShopmeEcommerce\ShopmeProject\ShopmeWebParent\pom.xml.
2023-04-29 11:41:46,989 [Worker-27: Updating Maven Project] INFO  o.e.m.j.i.AbstractJavaProjectConfigurator - Adding source folder /ShopmeWebParent/src/main/java
2023-04-29 11:41:46,989 [Worker-27: Updating Maven Project] INFO  o.e.m.j.i.AbstractJavaProjectConfigurator - Adding resource folder /ShopmeWebParent/src/main/resources
2023-04-29 11:41:46,989 [Worker-27: Updating Maven Project] INFO  o.e.m.j.i.AbstractJavaProjectConfigurator - Adding resource folder /ShopmeWebParent/src/main/resources
2023-04-29 11:41:46,990 [Worker-27: Updating Maven Project] INFO  o.e.m.j.i.AbstractJavaProjectConfigurator - Adding source folder /ShopmeWebParent/src/test/java
2023-04-29 11:41:47,187 [Worker-27: Updating Maven Project] INFO  o.e.m.c.i.p.ProjectConfigurationManager - Update completed for 1 poms: local refresh takes 0,00 sec, refresh facades takes 0,00 sec, update config takes 0,00 sec 
2023-04-29 11:41:47,435 [Worker-26: Building] INFO  o.a.m.s.f.DefaultMavenResourcesFiltering - Copying 1 resource from src\main\resources to target\classes
2023-04-29 11:41:47,450 [Worker-26: Building] INFO  o.a.m.s.f.DefaultMavenResourcesFiltering - Copying 0 resource from src\main\resources to target\classes
2023-04-29 11:41:47,455 [Worker-26: Building] INFO  o.a.m.s.f.DefaultMavenResourcesFiltering - skip non existing resourceDirectory C:\Users\ASUS\OneDrive\Máy tính\bootstrap\ShopmeEcommerce\ShopmeProject\ShopmeWebParent\src\test\resources
2023-04-29 11:41:49,671 [Worker-19: Building] INFO  o.e.m.c.i.l.LifecycleMappingFactory - Using NULL lifecycle mapping for MavenProject: com.shopme:ShopmeWebParent:0.0.1-SNAPSHOT @ C:\Users\ASUS\OneDrive\Máy tính\bootstrap\ShopmeEcommerce\ShopmeProject\ShopmeWebParent\pom.xml.
2023-04-29 11:41:49,862 [Worker-24: Updating Maven Project] INFO  o.e.m.c.i.p.ProjectConfigurationManager - Update started
2023-04-29 11:41:49,990 [Worker-24: Updating Maven Project] INFO  o.e.m.c.i.l.LifecycleMappingFactory - Using NULL lifecycle mapping for MavenProject: com.shopme:ShopmeWebParent:0.0.1-SNAPSHOT @ C:\Users\ASUS\OneDrive\Máy tính\bootstrap\ShopmeEcommerce\ShopmeProject\ShopmeWebParent\pom.xml.
2023-04-29 11:41:50,220 [Worker-24: Updating Maven Project] INFO  o.e.m.c.i.p.ProjectConfigurationManager - Update completed for 1 poms: local refresh takes 0,00 sec, refresh facades takes 0,00 sec, update config takes 0,00 sec 
2023-04-29 11:41:55,297 [Worker-25: Updating Maven Project] INFO  o.e.m.c.i.p.ProjectConfigurationManager - Update started
2023-04-29 11:41:55,409 [Worker-25: Updating Maven Project] INFO  o.e.m.c.i.l.LifecycleMappingFactory - Using NULL lifecycle mapping for MavenProject: com.shopme:ShopmeWebParent:0.0.1-SNAPSHOT @ C:\Users\ASUS\OneDrive\Máy tính\bootstrap\ShopmeEcommerce\ShopmeProject\ShopmeWebParent\pom.xml.
2023-04-29 11:41:55,612 [Worker-25: Updating Maven Project] INFO  o.e.m.c.i.p.ProjectConfigurationManager - Update completed for 1 poms: local refresh takes 0,00 sec, refresh facades takes 0,00 sec, update config takes 0,00 sec 
2023-04-29 11:49:31,413 [Worker-19: Import Getting Started Content] INFO  o.e.m.c.i.l.LifecycleMappingFactory - Using org.eclipse.m2e.jdt.JarLifecycleMapping lifecycle mapping for MavenProject: com.shopme:ShopmeBackEnd:0.0.1-SNAPSHOT @ C:\Users\ASUS\OneDrive\Máy tính\bootstrap\ShopmeEcommerce\ShopmeProject\ShopmeWebParent\ShopmeBackEnd\pom.xml.
2023-04-29 11:49:31,604 [Worker-19: Import Getting Started Content] INFO  o.e.m.j.i.AbstractJavaProjectConfigurator - Adding source folder /ShopmeBackEnd/src/main/java
2023-04-29 11:49:31,604 [Worker-19: Import Getting Started Content] INFO  o.e.m.j.i.AbstractJavaProjectConfigurator - Adding resource folder /ShopmeBackEnd/src/main/resources
2023-04-29 11:49:31,608 [Worker-19: Import Getting Started Content] INFO  o.e.m.j.i.AbstractJavaProjectConfigurator - Adding resource folder /ShopmeBackEnd/src/main/resources
2023-04-29 11:49:31,611 [Worker-19: Import Getting Started Content] INFO  o.e.m.j.i.AbstractJavaProjectConfigurator - Adding source folder /ShopmeBackEnd/src/test/java
2023-04-29 11:49:31,762 [Worker-19: Import Getting Started Content] INFO  o.e.m.c.i.p.ProjectConfigurationManager - Imported and configured 1 project(s) in 0 sec
2023-04-29 11:49:31,764 [Worker-19: Import Getting Started Content] INFO  o.e.m.c.i.p.ProjectConfigurationManager - Update started
2023-04-29 11:49:31,908 [Worker-19: Import Getting Started Content] INFO  o.e.m.c.i.l.LifecycleMappingFactory - Using org.eclipse.m2e.jdt.JarLifecycleMapping lifecycle mapping for MavenProject: com.shopme:ShopmeBackEnd:0.0.1-SNAPSHOT @ C:\Users\ASUS\OneDrive\Máy tính\bootstrap\ShopmeEcommerce\ShopmeProject\ShopmeWebParent\ShopmeBackEnd\pom.xml.
2023-04-29 11:49:32,154 [Worker-19: Import Getting Started Content] INFO  o.e.m.j.i.AbstractJavaProjectConfigurator - Adding source folder /ShopmeBackEnd/src/main/java
2023-04-29 11:49:32,155 [Worker-19: Import Getting Started Content] INFO  o.e.m.j.i.AbstractJavaProjectConfigurator - Adding resource folder /ShopmeBackEnd/src/main/resources
2023-04-29 11:49:32,155 [Worker-19: Import Getting Started Content] INFO  o.e.m.j.i.AbstractJavaProjectConfigurator - Adding resource folder /ShopmeBackEnd/src/main/resources
2023-04-29 11:49:32,155 [Worker-19: Import Getting Started Content] INFO  o.e.m.j.i.AbstractJavaProjectConfigurator - Adding source folder /ShopmeBackEnd/src/test/java
2023-04-29 11:49:32,314 [Worker-19: Import Getting Started Content] INFO  o.e.m.c.i.p.ProjectConfigurationManager - Update completed for 1 poms: local refresh takes 0,00 sec, refresh facades takes 0,00 sec, update config takes 0,00 sec 
2023-04-29 11:49:32,605 [Worker-32: Building] INFO  o.a.m.s.f.DefaultMavenResourcesFiltering - Copying 1 resource from src\main\resources to target\classes
2023-04-29 11:49:32,620 [Worker-32: Building] INFO  o.a.m.s.f.DefaultMavenResourcesFiltering - Copying 0 resource from src\main\resources to target\classes
2023-04-29 11:49:32,623 [Worker-32: Building] INFO  o.a.m.s.f.DefaultMavenResourcesFiltering - skip non existing resourceDirectory C:\Users\ASUS\OneDrive\Máy tính\bootstrap\ShopmeEcommerce\ShopmeProject\ShopmeWebParent\ShopmeBackEnd\src\test\resources
2023-04-29 11:51:54,569 [Worker-35: Building] INFO  o.e.m.c.i.l.LifecycleMappingFactory - Using NULL lifecycle mapping for MavenProject: com.shopme:ShopmeWebParent:0.0.1-SNAPSHOT @ C:\Users\ASUS\OneDrive\Máy tính\bootstrap\ShopmeEcommerce\ShopmeProject\ShopmeWebParent\pom.xml.
2023-04-29 11:53:45,217 [Worker-33: Building] INFO  o.e.m.c.i.l.LifecycleMappingFactory - Using NULL lifecycle mapping for MavenProject: com.shopme:ShopmeWebParent:0.0.1-SNAPSHOT @ C:\Users\ASUS\OneDrive\Máy tính\bootstrap\ShopmeEcommerce\ShopmeProject\ShopmeWebParent\pom.xml.
2023-04-29 11:54:40,834 [Worker-33: Building] INFO  o.e.m.c.i.l.LifecycleMappingFactory - Using org.eclipse.m2e.jdt.JarLifecycleMapping lifecycle mapping for MavenProject: com.shopme:ShopmeBackEnd:0.0.1-SNAPSHOT @ C:\Users\ASUS\OneDrive\Máy tính\bootstrap\ShopmeEcommerce\ShopmeProject\ShopmeWebParent\ShopmeBackEnd\pom.xml.
2023-04-29 11:54:41,028 [Worker-33: Building] INFO  o.a.m.s.f.DefaultMavenResourcesFiltering - Copying 0 resource from src\main\resources to target\classes
2023-04-29 11:54:41,028 [Worker-33: Building] INFO  o.a.m.s.f.DefaultMavenResourcesFiltering - Copying 0 resource from src\main\resources to target\classes
2023-04-29 11:54:41,031 [Worker-33: Building] INFO  o.a.m.s.f.DefaultMavenResourcesFiltering - skip non existing resourceDirectory C:\Users\ASUS\OneDrive\Máy tính\bootstrap\ShopmeEcommerce\ShopmeProject\ShopmeWebParent\ShopmeBackEnd\src\test\resources
2023-04-29 11:55:47,173 [Worker-31: Building] INFO  o.e.m.c.i.l.LifecycleMappingFactory - Using org.eclipse.m2e.jdt.JarLifecycleMapping lifecycle mapping for MavenProject: com.shopme:ShopmeBackEnd:0.0.1-SNAPSHOT @ C:\Users\ASUS\OneDrive\Máy tính\bootstrap\ShopmeEcommerce\ShopmeProject\ShopmeWebParent\ShopmeBackEnd\pom.xml.
2023-04-29 11:55:47,436 [Worker-31: Building] INFO  o.a.m.s.f.DefaultMavenResourcesFiltering - Copying 0 resource from src\main\resources to target\classes
2023-04-29 11:55:47,437 [Worker-31: Building] INFO  o.a.m.s.f.DefaultMavenResourcesFiltering - Copying 0 resource from src\main\resources to target\classes
2023-04-29 11:55:47,440 [Worker-31: Building] INFO  o.a.m.s.f.DefaultMavenResourcesFiltering - skip non existing resourceDirectory C:\Users\ASUS\OneDrive\Máy tính\bootstrap\ShopmeEcommerce\ShopmeProject\ShopmeWebParent\ShopmeBackEnd\src\test\resources
2023-04-29 11:56:16,217 [Worker-36: Building] INFO  o.e.m.c.i.l.LifecycleMappingFactory - Using org.eclipse.m2e.jdt.JarLifecycleMapping lifecycle mapping for MavenProject: com.shopme:ShopmeBackEnd:0.0.1-SNAPSHOT @ C:\Users\ASUS\OneDrive\Máy tính\bootstrap\ShopmeEcommerce\ShopmeProject\ShopmeWebParent\ShopmeBackEnd\pom.xml.
2023-04-29 11:56:16,462 [Worker-36: Building] INFO  o.a.m.s.f.DefaultMavenResourcesFiltering - Copying 1 resource from src\main\resources to target\classes
2023-04-29 11:56:16,471 [Worker-36: Building] INFO  o.a.m.s.f.DefaultMavenResourcesFiltering - Copying 0 resource from src\main\resources to target\classes
2023-04-29 11:56:16,473 [Worker-36: Building] INFO  o.a.m.s.f.DefaultMavenResourcesFiltering - skip non existing resourceDirectory C:\Users\ASUS\OneDrive\Máy tính\bootstrap\ShopmeEcommerce\ShopmeProject\ShopmeWebParent\ShopmeBackEnd\src\test\resources
2023-04-29 11:57:35,970 [Worker-34: Building] INFO  o.e.m.c.i.l.LifecycleMappingFactory - Using org.eclipse.m2e.jdt.JarLifecycleMapping lifecycle mapping for MavenProject: com.shopme:ShopmeBackEnd:0.0.1-SNAPSHOT @ C:\Users\ASUS\OneDrive\Máy tính\bootstrap\ShopmeEcommerce\ShopmeProject\ShopmeWebParent\ShopmeBackEnd\pom.xml.
2023-04-29 11:57:36,207 [Worker-34: Building] INFO  o.a.m.s.f.DefaultMavenResourcesFiltering - Copying 0 resource from src\main\resources to target\classes
2023-04-29 11:57:36,207 [Worker-34: Building] INFO  o.a.m.s.f.DefaultMavenResourcesFiltering - Copying 0 resource from src\main\resources to target\classes
2023-04-29 11:57:36,212 [Worker-34: Building] INFO  o.a.m.s.f.DefaultMavenResourcesFiltering - skip non existing resourceDirectory C:\Users\ASUS\OneDrive\Máy tính\bootstrap\ShopmeEcommerce\ShopmeProject\ShopmeWebParent\ShopmeBackEnd\src\test\resources
2023-04-29 11:58:38,680 [Worker-34: Building] INFO  o.e.m.c.i.l.LifecycleMappingFactory - Using org.eclipse.m2e.jdt.JarLifecycleMapping lifecycle mapping for MavenProject: com.shopme:ShopmeBackEnd:0.0.1-SNAPSHOT @ C:\Users\ASUS\OneDrive\Máy tính\bootstrap\ShopmeEcommerce\ShopmeProject\ShopmeWebParent\ShopmeBackEnd\pom.xml.
2023-04-29 11:58:39,145 [Worker-34: Building] INFO  o.a.m.s.f.DefaultMavenResourcesFiltering - Copying 0 resource from src\main\resources to target\classes
2023-04-29 11:58:39,147 [Worker-34: Building] INFO  o.a.m.s.f.DefaultMavenResourcesFiltering - Copying 0 resource from src\main\resources to target\classes
2023-04-29 11:58:39,151 [Worker-34: Building] INFO  o.a.m.s.f.DefaultMavenResourcesFiltering - skip non existing resourceDirectory C:\Users\ASUS\OneDrive\Máy tính\bootstrap\ShopmeEcommerce\ShopmeProject\ShopmeWebParent\ShopmeBackEnd\src\test\resources
2023-04-29 12:03:30,384 [Worker-40: Building] INFO  o.e.m.c.i.l.LifecycleMappingFactory - Using NULL lifecycle mapping for MavenProject: com.shopme:ShopmeWebParent:0.0.1-SNAPSHOT @ C:\Users\ASUS\OneDrive\Máy tính\bootstrap\ShopmeEcommerce\ShopmeProject\ShopmeWebParent\pom.xml.
2023-04-29 12:03:30,483 [Worker-40: Building] INFO  o.e.m.c.i.l.LifecycleMappingFactory - Using org.eclipse.m2e.jdt.JarLifecycleMapping lifecycle mapping for MavenProject: com.shopme:ShopmeBackEnd:0.0.1-SNAPSHOT @ C:\Users\ASUS\OneDrive\Máy tính\bootstrap\ShopmeEcommerce\ShopmeProject\ShopmeWebParent\ShopmeBackEnd\pom.xml.
2023-04-29 12:04:31,692 [Worker-33: Building] INFO  o.e.m.c.i.l.LifecycleMappingFactory - Using org.eclipse.m2e.jdt.JarLifecycleMapping lifecycle mapping for MavenProject: com.shopme:ShopmeBackEnd:0.0.1-SNAPSHOT @ C:\Users\ASUS\OneDrive\Máy tính\bootstrap\ShopmeEcommerce\ShopmeProject\ShopmeWebParent\ShopmeBackEnd\pom.xml.
2023-04-29 12:04:31,916 [Worker-33: Building] INFO  o.a.m.s.f.DefaultMavenResourcesFiltering - Copying 1 resource from src\main\resources to target\classes
2023-04-29 12:04:31,929 [Worker-33: Building] INFO  o.a.m.s.f.DefaultMavenResourcesFiltering - Copying 0 resource from src\main\resources to target\classes
2023-04-29 12:04:31,932 [Worker-33: Building] INFO  o.a.m.s.f.DefaultMavenResourcesFiltering - skip non existing resourceDirectory C:\Users\ASUS\OneDrive\Máy tính\bootstrap\ShopmeEcommerce\ShopmeProject\ShopmeWebParent\ShopmeBackEnd\src\test\resources
2023-04-29 12:04:44,061 [Worker-37: Building] INFO  o.a.m.s.f.DefaultMavenResourcesFiltering - Copying 1 resource from src\main\resources to target\classes
2023-04-29 12:04:44,069 [Worker-37: Building] INFO  o.a.m.s.f.DefaultMavenResourcesFiltering - Copying 0 resource from src\main\resources to target\classes
2023-04-29 12:04:44,072 [Worker-37: Building] INFO  o.a.m.s.f.DefaultMavenResourcesFiltering - skip non existing resourceDirectory C:\Users\ASUS\OneDrive\Máy tính\bootstrap\ShopmeEcommerce\ShopmeProject\ShopmeWebParent\ShopmeBackEnd\src\test\resources
2023-04-29 12:06:35,384 [Worker-33: Building] INFO  o.a.m.s.f.DefaultMavenResourcesFiltering - Copying 0 resource from src\main\resources to target\classes
2023-04-29 12:06:35,385 [Worker-33: Building] INFO  o.a.m.s.f.DefaultMavenResourcesFiltering - Copying 1 resource from src\main\resources to target\classes
2023-04-29 12:06:35,389 [Worker-33: Building] INFO  o.a.m.s.f.DefaultMavenResourcesFiltering - skip non existing resourceDirectory C:\Users\ASUS\OneDrive\Máy tính\bootstrap\ShopmeEcommerce\ShopmeProject\ShopmeWebParent\ShopmeBackEnd\src\test\resources
2023-04-29 12:07:30,930 [Worker-42: Launching ShopmeBackEnd - ShopmeBackEndApplication] INFO  o.a.m.s.f.DefaultMavenResourcesFiltering - Copying 1 resource from src\main\resources to target\classes
2023-04-29 12:07:30,955 [Worker-42: Launching ShopmeBackEnd - ShopmeBackEndApplication] INFO  o.a.m.s.f.DefaultMavenResourcesFiltering - Copying 1 resource from src\main\resources to target\classes
2023-04-29 12:07:30,961 [Worker-42: Launching ShopmeBackEnd - ShopmeBackEndApplication] INFO  o.a.m.s.f.DefaultMavenResourcesFiltering - skip non existing resourceDirectory C:\Users\ASUS\OneDrive\Máy tính\bootstrap\ShopmeEcommerce\ShopmeProject\ShopmeWebParent\ShopmeBackEnd\src\test\resources
2023-04-29 12:09:41,890 [Worker-33: Import Getting Started Content] INFO  o.e.m.c.i.l.LifecycleMappingFactory - Using org.eclipse.m2e.jdt.JarLifecycleMapping lifecycle mapping for MavenProject: com.shopme:ShopmeFontEnd:0.0.1-SNAPSHOT @ C:\Users\ASUS\OneDrive\Máy tính\bootstrap\ShopmeEcommerce\ShopmeProject\ShopmeWebParent\ShopmeFontEnd\pom.xml.
2023-04-29 12:09:42,128 [Worker-33: Import Getting Started Content] INFO  o.e.m.j.i.AbstractJavaProjectConfigurator - Adding source folder /ShopmeFontEnd/src/main/java
2023-04-29 12:09:42,128 [Worker-33: Import Getting Started Content] INFO  o.e.m.j.i.AbstractJavaProjectConfigurator - Adding resource folder /ShopmeFontEnd/src/main/resources
2023-04-29 12:09:42,131 [Worker-33: Import Getting Started Content] INFO  o.e.m.j.i.AbstractJavaProjectConfigurator - Adding resource folder /ShopmeFontEnd/src/main/resources
2023-04-29 12:09:42,133 [Worker-33: Import Getting Started Content] INFO  o.e.m.j.i.AbstractJavaProjectConfigurator - Adding source folder /ShopmeFontEnd/src/test/java
2023-04-29 12:09:42,279 [Worker-33: Import Getting Started Content] INFO  o.e.m.c.i.p.ProjectConfigurationManager - Imported and configured 1 project(s) in 0 sec
2023-04-29 12:09:42,281 [Worker-33: Import Getting Started Content] INFO  o.e.m.c.i.p.ProjectConfigurationManager - Update started
2023-04-29 12:09:42,398 [Worker-33: Import Getting Started Content] INFO  o.e.m.c.i.l.LifecycleMappingFactory - Using org.eclipse.m2e.jdt.JarLifecycleMapping lifecycle mapping for MavenProject: com.shopme:ShopmeFontEnd:0.0.1-SNAPSHOT @ C:\Users\ASUS\OneDrive\Máy tính\bootstrap\ShopmeEcommerce\ShopmeProject\ShopmeWebParent\ShopmeFontEnd\pom.xml.
2023-04-29 12:09:42,554 [Worker-33: Import Getting Started Content] INFO  o.e.m.j.i.AbstractJavaProjectConfigurator - Adding source folder /ShopmeFontEnd/src/main/java
2023-04-29 12:09:42,554 [Worker-33: Import Getting Started Content] INFO  o.e.m.j.i.AbstractJavaProjectConfigurator - Adding resource folder /ShopmeFontEnd/src/main/resources
2023-04-29 12:09:42,554 [Worker-33: Import Getting Started Content] INFO  o.e.m.j.i.AbstractJavaProjectConfigurator - Adding resource folder /ShopmeFontEnd/src/main/resources
2023-04-29 12:09:42,555 [Worker-33: Import Getting Started Content] INFO  o.e.m.j.i.AbstractJavaProjectConfigurator - Adding source folder /ShopmeFontEnd/src/test/java
2023-04-29 12:09:42,776 [Worker-33: Import Getting Started Content] INFO  o.e.m.c.i.p.ProjectConfigurationManager - Update completed for 1 poms: local refresh takes 0,00 sec, refresh facades takes 0,00 sec, update config takes 0,00 sec 
2023-04-29 12:09:43,054 [Worker-37: Building] INFO  o.a.m.s.f.DefaultMavenResourcesFiltering - Copying 1 resource from src\main\resources to target\classes
2023-04-29 12:09:43,071 [Worker-37: Building] INFO  o.a.m.s.f.DefaultMavenResourcesFiltering - Copying 0 resource from src\main\resources to target\classes
2023-04-29 12:09:43,075 [Worker-37: Building] INFO  o.a.m.s.f.DefaultMavenResourcesFiltering - skip non existing resourceDirectory C:\Users\ASUS\OneDrive\Máy tính\bootstrap\ShopmeEcommerce\ShopmeProject\ShopmeWebParent\ShopmeFontEnd\src\test\resources
2023-04-29 12:10:25,024 [Worker-40: Building] INFO  o.e.m.c.i.l.LifecycleMappingFactory - Using org.eclipse.m2e.jdt.JarLifecycleMapping lifecycle mapping for MavenProject: com.shopme:ShopmeFontEnd:0.0.1-SNAPSHOT @ C:\Users\ASUS\OneDrive\Máy tính\bootstrap\ShopmeEcommerce\ShopmeProject\ShopmeWebParent\ShopmeFontEnd\pom.xml.
2023-04-29 12:10:25,271 [Worker-40: Building] INFO  o.a.m.s.f.DefaultMavenResourcesFiltering - Copying 0 resource from src\main\resources to target\classes
2023-04-29 12:10:25,272 [Worker-40: Building] INFO  o.a.m.s.f.DefaultMavenResourcesFiltering - Copying 0 resource from src\main\resources to target\classes
2023-04-29 12:10:25,274 [Worker-40: Building] INFO  o.a.m.s.f.DefaultMavenResourcesFiltering - skip non existing resourceDirectory C:\Users\ASUS\OneDrive\Máy tính\bootstrap\ShopmeEcommerce\ShopmeProject\ShopmeWebParent\ShopmeFontEnd\src\test\resources
2023-04-29 12:10:36,793 [Worker-40: Building] INFO  o.e.m.c.i.l.LifecycleMappingFactory - Using org.eclipse.m2e.jdt.JarLifecycleMapping lifecycle mapping for MavenProject: com.shopme:ShopmeFontEnd:0.0.1-SNAPSHOT @ C:\Users\ASUS\OneDrive\Máy tính\bootstrap\ShopmeEcommerce\ShopmeProject\ShopmeWebParent\ShopmeFontEnd\pom.xml.
2023-04-29 12:10:37,053 [Worker-40: Building] INFO  o.a.m.s.f.DefaultMavenResourcesFiltering - Copying 1 resource from src\main\resources to target\classes
2023-04-29 12:10:37,070 [Worker-40: Building] INFO  o.a.m.s.f.DefaultMavenResourcesFiltering - Copying 0 resource from src\main\resources to target\classes
2023-04-29 12:10:37,074 [Worker-40: Building] INFO  o.a.m.s.f.DefaultMavenResourcesFiltering - skip non existing resourceDirectory C:\Users\ASUS\OneDrive\Máy tính\bootstrap\ShopmeEcommerce\ShopmeProject\ShopmeWebParent\ShopmeFontEnd\src\test\resources
2023-04-29 12:11:24,301 [Worker-42: Building] INFO  o.e.m.c.i.l.LifecycleMappingFactory - Using org.eclipse.m2e.jdt.JarLifecycleMapping lifecycle mapping for MavenProject: com.shopme:ShopmeFontEnd:0.0.1-SNAPSHOT @ C:\Users\ASUS\OneDrive\Máy tính\bootstrap\ShopmeEcommerce\ShopmeProject\ShopmeWebParent\ShopmeFontEnd\pom.xml.
2023-04-29 12:11:24,541 [Worker-42: Building] INFO  o.a.m.s.f.DefaultMavenResourcesFiltering - Copying 0 resource from src\main\resources to target\classes
2023-04-29 12:11:24,542 [Worker-42: Building] INFO  o.a.m.s.f.DefaultMavenResourcesFiltering - Copying 0 resource from src\main\resources to target\classes
2023-04-29 12:11:24,544 [Worker-42: Building] INFO  o.a.m.s.f.DefaultMavenResourcesFiltering - skip non existing resourceDirectory C:\Users\ASUS\OneDrive\Máy tính\bootstrap\ShopmeEcommerce\ShopmeProject\ShopmeWebParent\ShopmeFontEnd\src\test\resources
2023-04-29 12:11:37,136 [Worker-33: Building] INFO  o.a.m.s.f.DefaultMavenResourcesFiltering - Copying 1 resource from src\main\resources to target\classes
2023-04-29 12:11:37,148 [Worker-33: Building] INFO  o.a.m.s.f.DefaultMavenResourcesFiltering - Copying 0 resource from src\main\resources to target\classes
2023-04-29 12:11:37,150 [Worker-33: Building] INFO  o.a.m.s.f.DefaultMavenResourcesFiltering - skip non existing resourceDirectory C:\Users\ASUS\OneDrive\Máy tính\bootstrap\ShopmeEcommerce\ShopmeProject\ShopmeWebParent\ShopmeFontEnd\src\test\resources
2023-04-29 12:12:29,793 [Worker-44: Building Workspace] INFO  o.a.m.s.f.DefaultMavenResourcesFiltering - Copying 1 resource from src\main\resources to target\classes
2023-04-29 12:12:29,803 [Worker-44: Building Workspace] INFO  o.a.m.s.f.DefaultMavenResourcesFiltering - Copying 1 resource from src\main\resources to target\classes
2023-04-29 12:12:29,812 [Worker-44: Building Workspace] INFO  o.a.m.s.f.DefaultMavenResourcesFiltering - skip non existing resourceDirectory C:\Users\ASUS\OneDrive\Máy tính\bootstrap\ShopmeEcommerce\ShopmeProject\ShopmeWebParent\ShopmeFontEnd\src\test\resources
2023-04-29 12:13:09,782 [Worker-37: Building] INFO  o.a.m.s.f.DefaultMavenResourcesFiltering - Copying 1 resource from src\main\resources to target\classes
2023-04-29 12:13:09,788 [Worker-37: Building] INFO  o.a.m.s.f.DefaultMavenResourcesFiltering - Copying 1 resource from src\main\resources to target\classes
2023-04-29 12:13:09,792 [Worker-37: Building] INFO  o.a.m.s.f.DefaultMavenResourcesFiltering - skip non existing resourceDirectory C:\Users\ASUS\OneDrive\Máy tính\bootstrap\ShopmeEcommerce\ShopmeProject\ShopmeWebParent\ShopmeFontEnd\src\test\resources
2023-04-29 12:13:57,370 [Worker-42: Building] INFO  o.a.m.s.f.DefaultMavenResourcesFiltering - Copying 1 resource from src\main\resources to target\classes
2023-04-29 12:13:57,375 [Worker-42: Building] INFO  o.a.m.s.f.DefaultMavenResourcesFiltering - Copying 1 resource from src\main\resources to target\classes
2023-04-29 12:13:57,379 [Worker-42: Building] INFO  o.a.m.s.f.DefaultMavenResourcesFiltering - skip non existing resourceDirectory C:\Users\ASUS\OneDrive\Máy tính\bootstrap\ShopmeEcommerce\ShopmeProject\ShopmeWebParent\ShopmeFontEnd\src\test\resources
2023-04-29 12:14:19,204 [Worker-43: Building] INFO  o.e.m.c.i.l.LifecycleMappingFactory - Using NULL lifecycle mapping for MavenProject: com.shopme:ShopmeWebParent:0.0.1-SNAPSHOT @ C:\Users\ASUS\OneDrive\Máy tính\bootstrap\ShopmeEcommerce\ShopmeProject\ShopmeWebParent\pom.xml.
2023-04-29 12:14:19,343 [Worker-43: Building] INFO  o.e.m.c.i.l.LifecycleMappingFactory - Using org.eclipse.m2e.jdt.JarLifecycleMapping lifecycle mapping for MavenProject: com.shopme:ShopmeBackEnd:0.0.1-SNAPSHOT @ C:\Users\ASUS\OneDrive\Máy tính\bootstrap\ShopmeEcommerce\ShopmeProject\ShopmeWebParent\ShopmeBackEnd\pom.xml.
2023-04-29 12:14:19,376 [Worker-43: Building] INFO  o.e.m.c.i.l.LifecycleMappingFactory - Using org.eclipse.m2e.jdt.JarLifecycleMapping lifecycle mapping for MavenProject: com.shopme:ShopmeFontEnd:0.0.1-SNAPSHOT @ C:\Users\ASUS\OneDrive\Máy tính\bootstrap\ShopmeEcommerce\ShopmeProject\ShopmeWebParent\ShopmeFontEnd\pom.xml.
2023-04-29 12:16:55,508 [Worker-48: Building] INFO  o.e.m.c.i.l.LifecycleMappingFactory - Using NULL lifecycle mapping for MavenProject: com.shopme:ShopmeWebParent:0.0.1-SNAPSHOT @ C:\Users\ASUS\OneDrive\Máy tính\bootstrap\ShopmeEcommerce\ShopmeProject\ShopmeWebParent\pom.xml.
2023-04-29 12:16:55,593 [Worker-48: Building] INFO  o.e.m.c.i.l.LifecycleMappingFactory - Using org.eclipse.m2e.jdt.JarLifecycleMapping lifecycle mapping for MavenProject: com.shopme:ShopmeBackEnd:0.0.1-SNAPSHOT @ C:\Users\ASUS\OneDrive\Máy tính\bootstrap\ShopmeEcommerce\ShopmeProject\ShopmeWebParent\ShopmeBackEnd\pom.xml.
2023-04-29 12:16:55,630 [Worker-48: Building] INFO  o.e.m.c.i.l.LifecycleMappingFactory - Using org.eclipse.m2e.jdt.JarLifecycleMapping lifecycle mapping for MavenProject: com.shopme:ShopmeFontEnd:0.0.1-SNAPSHOT @ C:\Users\ASUS\OneDrive\Máy tính\bootstrap\ShopmeEcommerce\ShopmeProject\ShopmeWebParent\ShopmeFontEnd\pom.xml.
2023-04-29 12:17:06,464 [Worker-48: Launching Executing install in C__Users_ASUS_OneDrive_Máy tính_bootstrap_ShopmeEcommerce_ShopmeProject] INFO  o.eclipse.m2e.core.internal.Bundles - getClasspathEntries(Bundle=org.eclipse.m2e.maven.runtime_3.8.701.20230209-1606 [346])
2023-04-29 12:17:06,468 [Worker-48: Launching Executing install in C__Users_ASUS_OneDrive_Máy tính_bootstrap_ShopmeEcommerce_ShopmeProject] INFO  o.eclipse.m2e.core.internal.Bundles - 	Entry: C:\STS4\sts-4.18.0.RELEASE\plugins\org.eclipse.m2e.maven.runtime_3.8.701.20230209-1606
2023-04-29 12:17:06,468 [Worker-48: Launching Executing install in C__Users_ASUS_OneDrive_Máy tính_bootstrap_ShopmeEcommerce_ShopmeProject] INFO  o.eclipse.m2e.core.internal.Bundles - 	Entry: C:\STS4\sts-4.18.0.RELEASE\plugins\org.eclipse.m2e.maven.runtime_3.8.701.20230209-1606\jars\aether-connector-okhttp-0.17.8.jar
2023-04-29 12:17:06,468 [Worker-48: Launching Executing install in C__Users_ASUS_OneDrive_Máy tính_bootstrap_ShopmeEcommerce_ShopmeProject] INFO  o.eclipse.m2e.core.internal.Bundles - 	Entry: C:\STS4\sts-4.18.0.RELEASE\plugins\org.eclipse.m2e.maven.runtime_3.8.701.20230209-1606\jars\commons-lang3-3.8.1.jar
2023-04-29 12:17:06,468 [Worker-48: Launching Executing install in C__Users_ASUS_OneDrive_Máy tính_bootstrap_ShopmeEcommerce_ShopmeProject] INFO  o.eclipse.m2e.core.internal.Bundles - 	Entry: C:\STS4\sts-4.18.0.RELEASE\plugins\org.eclipse.m2e.maven.runtime_3.8.701.20230209-1606\jars\guice-4.2.2-no_aop.jar
2023-04-29 12:17:06,468 [Worker-48: Launching Executing install in C__Users_ASUS_OneDrive_Máy tính_bootstrap_ShopmeEcommerce_ShopmeProject] INFO  o.eclipse.m2e.core.internal.Bundles - 	Entry: C:\STS4\sts-4.18.0.RELEASE\plugins\org.eclipse.m2e.maven.runtime_3.8.701.20230209-1606\jars\jansi-2.4.0.jar
2023-04-29 12:17:06,469 [Worker-48: Launching Executing install in C__Users_ASUS_OneDrive_Máy tính_bootstrap_ShopmeEcommerce_ShopmeProject] INFO  o.eclipse.m2e.core.internal.Bundles - 	Entry: C:\STS4\sts-4.18.0.RELEASE\plugins\org.eclipse.m2e.maven.runtime_3.8.701.20230209-1606\jars\maven-artifact-3.8.7.jar
2023-04-29 12:17:06,469 [Worker-48: Launching Executing install in C__Users_ASUS_OneDrive_Máy tính_bootstrap_ShopmeEcommerce_ShopmeProject] INFO  o.eclipse.m2e.core.internal.Bundles - 	Entry: C:\STS4\sts-4.18.0.RELEASE\plugins\org.eclipse.m2e.maven.runtime_3.8.701.20230209-1606\jars\maven-builder-support-3.8.7.jar
2023-04-29 12:17:06,469 [Worker-48: Launching Executing install in C__Users_ASUS_OneDrive_Máy tính_bootstrap_ShopmeEcommerce_ShopmeProject] INFO  o.eclipse.m2e.core.internal.Bundles - 	Entry: C:\STS4\sts-4.18.0.RELEASE\plugins\org.eclipse.m2e.maven.runtime_3.8.701.20230209-1606\jars\maven-compat-3.8.7.jar
2023-04-29 12:17:06,469 [Worker-48: Launching Executing install in C__Users_ASUS_OneDrive_Máy tính_bootstrap_ShopmeEcommerce_ShopmeProject] INFO  o.eclipse.m2e.core.internal.Bundles - 	Entry: C:\STS4\sts-4.18.0.RELEASE\plugins\org.eclipse.m2e.maven.runtime_3.8.701.20230209-1606\jars\maven-core-3.8.7.jar
2023-04-29 12:17:06,469 [Worker-48: Launching Executing install in C__Users_ASUS_OneDrive_Máy tính_bootstrap_ShopmeEcommerce_ShopmeProject] INFO  o.eclipse.m2e.core.internal.Bundles - 	Entry: C:\STS4\sts-4.18.0.RELEASE\plugins\org.eclipse.m2e.maven.runtime_3.8.701.20230209-1606\jars\maven-embedder-3.8.7.jar
2023-04-29 12:17:06,469 [Worker-48: Launching Executing install in C__Users_ASUS_OneDrive_Máy tính_bootstrap_ShopmeEcommerce_ShopmeProject] INFO  o.eclipse.m2e.core.internal.Bundles - 	Entry: C:\STS4\sts-4.18.0.RELEASE\plugins\org.eclipse.m2e.maven.runtime_3.8.701.20230209-1606\jars\maven-model-3.8.7.jar
2023-04-29 12:17:06,470 [Worker-48: Launching Executing install in C__Users_ASUS_OneDrive_Máy tính_bootstrap_ShopmeEcommerce_ShopmeProject] INFO  o.eclipse.m2e.core.internal.Bundles - 	Entry: C:\STS4\sts-4.18.0.RELEASE\plugins\org.eclipse.m2e.maven.runtime_3.8.701.20230209-1606\jars\maven-model-builder-3.8.7.jar
2023-04-29 12:17:06,470 [Worker-48: Launching Executing install in C__Users_ASUS_OneDrive_Máy tính_bootstrap_ShopmeEcommerce_ShopmeProject] INFO  o.eclipse.m2e.core.internal.Bundles - 	Entry: C:\STS4\sts-4.18.0.RELEASE\plugins\org.eclipse.m2e.maven.runtime_3.8.701.20230209-1606\jars\maven-plugin-api-3.8.7.jar
2023-04-29 12:17:06,471 [Worker-48: Launching Executing install in C__Users_ASUS_OneDrive_Máy tính_bootstrap_ShopmeEcommerce_ShopmeProject] INFO  o.eclipse.m2e.core.internal.Bundles - 	Entry: C:\STS4\sts-4.18.0.RELEASE\plugins\org.eclipse.m2e.maven.runtime_3.8.701.20230209-1606\jars\maven-repository-metadata-3.8.7.jar
2023-04-29 12:17:06,471 [Worker-48: Launching Executing install in C__Users_ASUS_OneDrive_Máy tính_bootstrap_ShopmeEcommerce_ShopmeProject] INFO  o.eclipse.m2e.core.internal.Bundles - 	Entry: C:\STS4\sts-4.18.0.RELEASE\plugins\org.eclipse.m2e.maven.runtime_3.8.701.20230209-1606\jars\maven-resolver-api-1.6.3.jar
2023-04-29 12:17:06,471 [Worker-48: Launching Executing install in C__Users_ASUS_OneDrive_Máy tính_bootstrap_ShopmeEcommerce_ShopmeProject] INFO  o.eclipse.m2e.core.internal.Bundles - 	Entry: C:\STS4\sts-4.18.0.RELEASE\plugins\org.eclipse.m2e.maven.runtime_3.8.701.20230209-1606\jars\maven-resolver-connector-basic-1.6.3.jar
2023-04-29 12:17:06,471 [Worker-48: Launching Executing install in C__Users_ASUS_OneDrive_Máy tính_bootstrap_ShopmeEcommerce_ShopmeProject] INFO  o.eclipse.m2e.core.internal.Bundles - 	Entry: C:\STS4\sts-4.18.0.RELEASE\plugins\org.eclipse.m2e.maven.runtime_3.8.701.20230209-1606\jars\maven-resolver-impl-1.6.3.jar
2023-04-29 12:17:06,472 [Worker-48: Launching Executing install in C__Users_ASUS_OneDrive_Máy tính_bootstrap_ShopmeEcommerce_ShopmeProject] INFO  o.eclipse.m2e.core.internal.Bundles - 	Entry: C:\STS4\sts-4.18.0.RELEASE\plugins\org.eclipse.m2e.maven.runtime_3.8.701.20230209-1606\jars\maven-resolver-provider-3.8.7.jar
2023-04-29 12:17:06,472 [Worker-48: Launching Executing install in C__Users_ASUS_OneDrive_Máy tính_bootstrap_ShopmeEcommerce_ShopmeProject] INFO  o.eclipse.m2e.core.internal.Bundles - 	Entry: C:\STS4\sts-4.18.0.RELEASE\plugins\org.eclipse.m2e.maven.runtime_3.8.701.20230209-1606\jars\maven-resolver-spi-1.6.3.jar
2023-04-29 12:17:06,472 [Worker-48: Launching Executing install in C__Users_ASUS_OneDrive_Máy tính_bootstrap_ShopmeEcommerce_ShopmeProject] INFO  o.eclipse.m2e.core.internal.Bundles - 	Entry: C:\STS4\sts-4.18.0.RELEASE\plugins\org.eclipse.m2e.maven.runtime_3.8.701.20230209-1606\jars\maven-resolver-transport-wagon-1.6.3.jar
2023-04-29 12:17:06,472 [Worker-48: Launching Executing install in C__Users_ASUS_OneDrive_Máy tính_bootstrap_ShopmeEcommerce_ShopmeProject] INFO  o.eclipse.m2e.core.internal.Bundles - 	Entry: C:\STS4\sts-4.18.0.RELEASE\plugins\org.eclipse.m2e.maven.runtime_3.8.701.20230209-1606\jars\maven-resolver-util-1.6.3.jar
2023-04-29 12:17:06,472 [Worker-48: Launching Executing install in C__Users_ASUS_OneDrive_Máy tính_bootstrap_ShopmeEcommerce_ShopmeProject] INFO  o.eclipse.m2e.core.internal.Bundles - 	Entry: C:\STS4\sts-4.18.0.RELEASE\plugins\org.eclipse.m2e.maven.runtime_3.8.701.20230209-1606\jars\maven-settings-3.8.7.jar
2023-04-29 12:17:06,472 [Worker-48: Launching Executing install in C__Users_ASUS_OneDrive_Máy tính_bootstrap_ShopmeEcommerce_ShopmeProject] INFO  o.eclipse.m2e.core.internal.Bundles - 	Entry: C:\STS4\sts-4.18.0.RELEASE\plugins\org.eclipse.m2e.maven.runtime_3.8.701.20230209-1606\jars\maven-settings-builder-3.8.7.jar
2023-04-29 12:17:06,473 [Worker-48: Launching Executing install in C__Users_ASUS_OneDrive_Máy tính_bootstrap_ShopmeEcommerce_ShopmeProject] INFO  o.eclipse.m2e.core.internal.Bundles - 	Entry: C:\STS4\sts-4.18.0.RELEASE\plugins\org.eclipse.m2e.maven.runtime_3.8.701.20230209-1606\jars\maven-shared-utils-3.3.4.jar
2023-04-29 12:17:06,473 [Worker-48: Launching Executing install in C__Users_ASUS_OneDrive_Máy tính_bootstrap_ShopmeEcommerce_ShopmeProject] INFO  o.eclipse.m2e.core.internal.Bundles - 	Entry: C:\STS4\sts-4.18.0.RELEASE\plugins\org.eclipse.m2e.maven.runtime_3.8.701.20230209-1606\jars\okhttp-3.14.1.jar
2023-04-29 12:17:06,473 [Worker-48: Launching Executing install in C__Users_ASUS_OneDrive_Máy tính_bootstrap_ShopmeEcommerce_ShopmeProject] INFO  o.eclipse.m2e.core.internal.Bundles - 	Entry: C:\STS4\sts-4.18.0.RELEASE\plugins\org.eclipse.m2e.maven.runtime_3.8.701.20230209-1606\jars\okio-1.17.3.jar
2023-04-29 12:17:06,473 [Worker-48: Launching Executing install in C__Users_ASUS_OneDrive_Máy tính_bootstrap_ShopmeEcommerce_ShopmeProject] INFO  o.eclipse.m2e.core.internal.Bundles - 	Entry: C:\STS4\sts-4.18.0.RELEASE\plugins\org.eclipse.m2e.maven.runtime_3.8.701.20230209-1606\jars\org.eclipse.sisu.inject-0.3.5.jar
2023-04-29 12:17:06,473 [Worker-48: Launching Executing install in C__Users_ASUS_OneDrive_Máy tính_bootstrap_ShopmeEcommerce_ShopmeProject] INFO  o.eclipse.m2e.core.internal.Bundles - 	Entry: C:\STS4\sts-4.18.0.RELEASE\plugins\org.eclipse.m2e.maven.runtime_3.8.701.20230209-1606\jars\org.eclipse.sisu.plexus-0.3.5.jar
2023-04-29 12:17:06,473 [Worker-48: Launching Executing install in C__Users_ASUS_OneDrive_Máy tính_bootstrap_ShopmeEcommerce_ShopmeProject] INFO  o.eclipse.m2e.core.internal.Bundles - 	Entry: C:\STS4\sts-4.18.0.RELEASE\plugins\org.eclipse.m2e.maven.runtime_3.8.701.20230209-1606\jars\plexus-build-api-0.0.7.jar
2023-04-29 12:17:06,473 [Worker-48: Launching Executing install in C__Users_ASUS_OneDrive_Máy tính_bootstrap_ShopmeEcommerce_ShopmeProject] INFO  o.eclipse.m2e.core.internal.Bundles - 	Entry: C:\STS4\sts-4.18.0.RELEASE\plugins\org.eclipse.m2e.maven.runtime_3.8.701.20230209-1606\jars\plexus-cipher-2.0.jar
2023-04-29 12:17:06,473 [Worker-48: Launching Executing install in C__Users_ASUS_OneDrive_Máy tính_bootstrap_ShopmeEcommerce_ShopmeProject] INFO  o.eclipse.m2e.core.internal.Bundles - 	Entry: C:\STS4\sts-4.18.0.RELEASE\plugins\org.eclipse.m2e.maven.runtime_3.8.701.20230209-1606\jars\plexus-classworlds-2.6.0.jar
2023-04-29 12:17:06,473 [Worker-48: Launching Executing install in C__Users_ASUS_OneDrive_Máy tính_bootstrap_ShopmeEcommerce_ShopmeProject] INFO  o.eclipse.m2e.core.internal.Bundles - 	Entry: C:\STS4\sts-4.18.0.RELEASE\plugins\org.eclipse.m2e.maven.runtime_3.8.701.20230209-1606\jars\plexus-component-annotations-2.1.0.jar
2023-04-29 12:17:06,473 [Worker-48: Launching Executing install in C__Users_ASUS_OneDrive_Máy tính_bootstrap_ShopmeEcommerce_ShopmeProject] INFO  o.eclipse.m2e.core.internal.Bundles - 	Entry: C:\STS4\sts-4.18.0.RELEASE\plugins\org.eclipse.m2e.maven.runtime_3.8.701.20230209-1606\jars\plexus-interpolation-1.26.jar
2023-04-29 12:17:06,473 [Worker-48: Launching Executing install in C__Users_ASUS_OneDrive_Máy tính_bootstrap_ShopmeEcommerce_ShopmeProject] INFO  o.eclipse.m2e.core.internal.Bundles - 	Entry: C:\STS4\sts-4.18.0.RELEASE\plugins\org.eclipse.m2e.maven.runtime_3.8.701.20230209-1606\jars\plexus-sec-dispatcher-2.0.jar
2023-04-29 12:17:06,473 [Worker-48: Launching Executing install in C__Users_ASUS_OneDrive_Máy tính_bootstrap_ShopmeEcommerce_ShopmeProject] INFO  o.eclipse.m2e.core.internal.Bundles - 	Entry: C:\STS4\sts-4.18.0.RELEASE\plugins\org.eclipse.m2e.maven.runtime_3.8.701.20230209-1606\jars\plexus-utils-3.3.1.jar
2023-04-29 12:17:06,474 [Worker-48: Launching Executing install in C__Users_ASUS_OneDrive_Máy tính_bootstrap_ShopmeEcommerce_ShopmeProject] INFO  o.eclipse.m2e.core.internal.Bundles - 	Entry: C:\STS4\sts-4.18.0.RELEASE\plugins\org.eclipse.m2e.maven.runtime_3.8.701.20230209-1606\jars\wagon-file-3.5.3.jar
2023-04-29 12:17:06,474 [Worker-48: Launching Executing install in C__Users_ASUS_OneDrive_Máy tính_bootstrap_ShopmeEcommerce_ShopmeProject] INFO  o.eclipse.m2e.core.internal.Bundles - 	Entry: C:\STS4\sts-4.18.0.RELEASE\plugins\org.eclipse.m2e.maven.runtime_3.8.701.20230209-1606\jars\wagon-provider-api-3.5.3.jar
2023-04-29 12:17:06,476 [Worker-48: Launching Executing install in C__Users_ASUS_OneDrive_Máy tính_bootstrap_ShopmeEcommerce_ShopmeProject] INFO  o.eclipse.m2e.core.internal.Bundles - getClasspathEntries(Bundle=com.google.guava_31.1.0.jre [23])
2023-04-29 12:17:06,476 [Worker-48: Launching Executing install in C__Users_ASUS_OneDrive_Máy tính_bootstrap_ShopmeEcommerce_ShopmeProject] INFO  o.eclipse.m2e.core.internal.Bundles - 	Entry: C:\STS4\sts-4.18.0.RELEASE\plugins\com.google.guava_31.1.0.jre.jar
2023-04-29 12:17:06,476 [Worker-48: Launching Executing install in C__Users_ASUS_OneDrive_Máy tính_bootstrap_ShopmeEcommerce_ShopmeProject] INFO  o.eclipse.m2e.core.internal.Bundles - getClasspathEntries(Bundle=slf4j.api_1.7.36 [580])
2023-04-29 12:17:06,477 [Worker-48: Launching Executing install in C__Users_ASUS_OneDrive_Máy tính_bootstrap_ShopmeEcommerce_ShopmeProject] INFO  o.eclipse.m2e.core.internal.Bundles - 	Entry: C:\STS4\sts-4.18.0.RELEASE\plugins\slf4j.api_1.7.36.jar
2023-04-29 12:17:06,477 [Worker-48: Launching Executing install in C__Users_ASUS_OneDrive_Máy tính_bootstrap_ShopmeEcommerce_ShopmeProject] INFO  o.eclipse.m2e.core.internal.Bundles - getClasspathEntries(Bundle=javax.inject_1.0.0.v20220405-0441 [50])
2023-04-29 12:17:06,477 [Worker-48: Launching Executing install in C__Users_ASUS_OneDrive_Máy tính_bootstrap_ShopmeEcommerce_ShopmeProject] INFO  o.eclipse.m2e.core.internal.Bundles - 	Entry: C:\STS4\sts-4.18.0.RELEASE\plugins\javax.inject_1.0.0.v20220405-0441.jar
2023-04-29 12:17:06,477 [Worker-48: Launching Executing install in C__Users_ASUS_OneDrive_Máy tính_bootstrap_ShopmeEcommerce_ShopmeProject] INFO  o.eclipse.m2e.core.internal.Bundles - getClasspathEntries(Bundle=javax.annotation_1.3.5.v20221203-1659 [48])
2023-04-29 12:17:06,479 [Worker-48: Launching Executing install in C__Users_ASUS_OneDrive_Máy tính_bootstrap_ShopmeEcommerce_ShopmeProject] INFO  o.eclipse.m2e.core.internal.Bundles - 	Entry: C:\STS4\sts-4.18.0.RELEASE\plugins\javax.annotation_1.3.5.v20221203-1659.jar
2023-04-29 12:17:06,479 [Worker-48: Launching Executing install in C__Users_ASUS_OneDrive_Máy tính_bootstrap_ShopmeEcommerce_ShopmeProject] INFO  o.eclipse.m2e.core.internal.Bundles - getClasspathEntries(Bundle=org.apache.commons.cli_1.4.0.v20221112-0806 [73])
2023-04-29 12:17:06,481 [Worker-48: Launching Executing install in C__Users_ASUS_OneDrive_Máy tính_bootstrap_ShopmeEcommerce_ShopmeProject] INFO  o.eclipse.m2e.core.internal.Bundles - 	Entry: C:\STS4\sts-4.18.0.RELEASE\plugins\org.apache.commons.cli_1.4.0.v20221112-0806.jar
2023-04-29 12:17:06,481 [Worker-48: Launching Executing install in C__Users_ASUS_OneDrive_Máy tính_bootstrap_ShopmeEcommerce_ShopmeProject] INFO  o.eclipse.m2e.core.internal.Bundles - getClasspathEntries(Bundle=com.google.guava.failureaccess_1.0.1 [25])
2023-04-29 12:17:06,482 [Worker-48: Launching Executing install in C__Users_ASUS_OneDrive_Máy tính_bootstrap_ShopmeEcommerce_ShopmeProject] INFO  o.eclipse.m2e.core.internal.Bundles - 	Entry: C:\STS4\sts-4.18.0.RELEASE\plugins\com.google.guava.failureaccess_1.0.1.jar
2023-04-29 12:17:06,485 [Worker-48: Launching Executing install in C__Users_ASUS_OneDrive_Máy tính_bootstrap_ShopmeEcommerce_ShopmeProject] INFO  o.e.m.i.launch.MavenLaunchDelegate - Run build in "C:\Users\ASUS\OneDrive\Máy tính\bootstrap\ShopmeEcommerce\ShopmeProject":
2023-04-29 12:17:06,485 [Worker-48: Launching Executing install in C__Users_ASUS_OneDrive_Máy tính_bootstrap_ShopmeEcommerce_ShopmeProject] INFO  o.e.m.i.launch.MavenLaunchDelegate -  mvn  -B -Dstyle.color=always install
2023-04-29 12:18:20,881 [Worker-46: Launching Executing install in C__Users_ASUS_OneDrive_Máy tính_bootstrap_ShopmeEcommerce_ShopmeProject] INFO  o.e.m.i.launch.MavenLaunchDelegate - Run build in "C:\Users\ASUS\OneDrive\Máy tính\bootstrap\ShopmeEcommerce\ShopmeProject":
2023-04-29 12:18:20,882 [Worker-46: Launching Executing install in C__Users_ASUS_OneDrive_Máy tính_bootstrap_ShopmeEcommerce_ShopmeProject] INFO  o.e.m.i.launch.MavenLaunchDelegate -  mvn  -B -Dstyle.color=always install
2023-04-29 12:20:56,359 [Worker-53: Building] INFO  o.a.m.s.f.DefaultMavenResourcesFiltering - Copying 1 resource from src\main\resources to target\classes
2023-04-29 12:20:56,364 [Worker-53: Building] INFO  o.a.m.s.f.DefaultMavenResourcesFiltering - Copying 0 resource from src\main\resources to target\classes
2023-04-29 12:20:56,366 [Worker-53: Building] INFO  o.a.m.s.f.DefaultMavenResourcesFiltering - skip non existing resourceDirectory C:\Users\ASUS\OneDrive\Máy tính\bootstrap\ShopmeEcommerce\ShopmeProject\ShopmeCommon\src\test\resources
2023-04-29 12:21:01,874 [Worker-37: Building] INFO  o.a.m.s.f.DefaultMavenResourcesFiltering - Copying 0 resource from src\main\resources to target\classes
2023-04-29 12:21:01,874 [Worker-37: Building] INFO  o.a.m.s.f.DefaultMavenResourcesFiltering - Copying 0 resource from src\main\resources to target\classes
2023-04-29 12:21:01,876 [Worker-37: Building] INFO  o.a.m.s.f.DefaultMavenResourcesFiltering - skip non existing resourceDirectory C:\Users\ASUS\OneDrive\Máy tính\bootstrap\ShopmeEcommerce\ShopmeProject\ShopmeCommon\src\test\resources
2023-04-29 12:22:00,024 [Worker-53: Building] INFO  o.e.m.c.i.l.LifecycleMappingFactory - Using org.eclipse.m2e.jdt.JarLifecycleMapping lifecycle mapping for MavenProject: com.shopme:ShopmeCommon:0.0.1-SNAPSHOT @ C:\Users\ASUS\OneDrive\Máy tính\bootstrap\ShopmeEcommerce\ShopmeProject\ShopmeCommon\pom.xml.
2023-04-29 12:22:00,346 [Worker-53: Building] INFO  o.a.m.s.f.DefaultMavenResourcesFiltering - Copying 0 resource from src\main\resources to target\classes
2023-04-29 12:22:00,347 [Worker-53: Building] INFO  o.a.m.s.f.DefaultMavenResourcesFiltering - Copying 0 resource from src\main\resources to target\classes
2023-04-29 12:22:00,350 [Worker-53: Building] INFO  o.a.m.s.f.DefaultMavenResourcesFiltering - skip non existing resourceDirectory C:\Users\ASUS\OneDrive\Máy tính\bootstrap\ShopmeEcommerce\ShopmeProject\ShopmeCommon\src\test\resources
2023-04-29 12:22:05,946 [Worker-46: Launching Executing install in C__Users_ASUS_OneDrive_Máy tính_bootstrap_ShopmeEcommerce_ShopmeProject] INFO  o.e.m.i.launch.MavenLaunchDelegate - Run build in "C:\Users\ASUS\OneDrive\Máy tính\bootstrap\ShopmeEcommerce\ShopmeProject":
2023-04-29 12:22:05,946 [Worker-46: Launching Executing install in C__Users_ASUS_OneDrive_Máy tính_bootstrap_ShopmeEcommerce_ShopmeProject] INFO  o.e.m.i.launch.MavenLaunchDelegate -  mvn  -B -Dstyle.color=always install
2023-04-29 12:31:01,407 [Worker-65: Building] INFO  o.a.m.s.f.DefaultMavenResourcesFiltering - Copying 0 resource from src\main\resources to target\classes
2023-04-29 12:31:01,407 [Worker-65: Building] INFO  o.a.m.s.f.DefaultMavenResourcesFiltering - Copying 0 resource from src\main\resources to target\classes
2023-04-29 12:31:01,411 [Worker-65: Building] INFO  o.a.m.s.f.DefaultMavenResourcesFiltering - skip non existing resourceDirectory C:\Users\ASUS\OneDrive\Máy tính\bootstrap\ShopmeEcommerce\ShopmeProject\ShopmeWebParent\ShopmeBackEnd\src\test\resources
2023-04-29 12:31:59,600 [Worker-62: Launching ShopmeBackEnd - ShopmeBackEndApplication] INFO  o.e.m.c.i.l.LifecycleMappingFactory - Using org.eclipse.m2e.jdt.JarLifecycleMapping lifecycle mapping for MavenProject: com.shopme:ShopmeBackEnd:0.0.1-SNAPSHOT @ C:\Users\ASUS\OneDrive\Máy tính\bootstrap\ShopmeEcommerce\ShopmeProject\ShopmeWebParent\ShopmeBackEnd\pom.xml.
2023-04-29 12:31:59,819 [Worker-62: Launching ShopmeBackEnd - ShopmeBackEndApplication] INFO  o.a.m.s.f.DefaultMavenResourcesFiltering - Copying 0 resource from src\main\resources to target\classes
2023-04-29 12:31:59,819 [Worker-62: Launching ShopmeBackEnd - ShopmeBackEndApplication] INFO  o.a.m.s.f.DefaultMavenResourcesFiltering - Copying 0 resource from src\main\resources to target\classes
2023-04-29 12:31:59,822 [Worker-62: Launching ShopmeBackEnd - ShopmeBackEndApplication] INFO  o.a.m.s.f.DefaultMavenResourcesFiltering - skip non existing resourceDirectory C:\Users\ASUS\OneDrive\Máy tính\bootstrap\ShopmeEcommerce\ShopmeProject\ShopmeWebParent\ShopmeBackEnd\src\test\resources
2023-04-29 12:32:39,391 [Worker-64: Launching Executing install in C__Users_ASUS_OneDrive_Máy tính_bootstrap_ShopmeEcommerce_ShopmeProject] INFO  o.e.m.i.launch.MavenLaunchDelegate - Run build in "C:\Users\ASUS\OneDrive\Máy tính\bootstrap\ShopmeEcommerce\ShopmeProject":
2023-04-29 12:32:39,391 [Worker-64: Launching Executing install in C__Users_ASUS_OneDrive_Máy tính_bootstrap_ShopmeEcommerce_ShopmeProject] INFO  o.e.m.i.launch.MavenLaunchDelegate -  mvn  -B -Dstyle.color=always install
2023-04-29 12:34:33,596 [Worker-64: Building] INFO  o.e.m.c.i.l.LifecycleMappingFactory - Using org.eclipse.m2e.jdt.JarLifecycleMapping lifecycle mapping for MavenProject: com.shopme:ShopmeFontEnd:0.0.1-SNAPSHOT @ C:\Users\ASUS\OneDrive\Máy tính\bootstrap\ShopmeEcommerce\ShopmeProject\ShopmeWebParent\ShopmeFontEnd\pom.xml.
2023-04-29 12:34:33,841 [Worker-64: Building] INFO  o.a.m.s.f.DefaultMavenResourcesFiltering - Copying 1 resource from src\main\resources to target\classes
2023-04-29 12:34:33,858 [Worker-64: Building] INFO  o.a.m.s.f.DefaultMavenResourcesFiltering - Copying 1 resource from src\main\resources to target\classes
2023-04-29 12:34:33,862 [Worker-64: Building] INFO  o.a.m.s.f.DefaultMavenResourcesFiltering - skip non existing resourceDirectory C:\Users\ASUS\OneDrive\Máy tính\bootstrap\ShopmeEcommerce\ShopmeProject\ShopmeWebParent\ShopmeFontEnd\src\test\resources
2023-04-29 12:34:42,899 [Worker-64: Building] INFO  o.e.m.c.i.l.LifecycleMappingFactory - Using org.eclipse.m2e.jdt.JarLifecycleMapping lifecycle mapping for MavenProject: com.shopme:ShopmeFontEnd:0.0.1-SNAPSHOT @ C:\Users\ASUS\OneDrive\Máy tính\bootstrap\ShopmeEcommerce\ShopmeProject\ShopmeWebParent\ShopmeFontEnd\pom.xml.
2023-04-29 12:34:43,108 [Worker-64: Building] INFO  o.a.m.s.f.DefaultMavenResourcesFiltering - Copying 0 resource from src\main\resources to target\classes
2023-04-29 12:34:43,109 [Worker-64: Building] INFO  o.a.m.s.f.DefaultMavenResourcesFiltering - Copying 0 resource from src\main\resources to target\classes
2023-04-29 12:34:43,111 [Worker-64: Building] INFO  o.a.m.s.f.DefaultMavenResourcesFiltering - skip non existing resourceDirectory C:\Users\ASUS\OneDrive\Máy tính\bootstrap\ShopmeEcommerce\ShopmeProject\ShopmeWebParent\ShopmeFontEnd\src\test\resources
2023-04-29 12:35:15,314 [Worker-68: Updating Maven Project] INFO  o.e.m.c.i.p.ProjectConfigurationManager - Update started
2023-04-29 12:35:15,437 [Worker-68: Updating Maven Project] INFO  o.e.m.c.i.l.LifecycleMappingFactory - Using org.eclipse.m2e.jdt.JarLifecycleMapping lifecycle mapping for MavenProject: com.shopme:ShopmeFontEnd:0.0.1-SNAPSHOT @ C:\Users\ASUS\OneDrive\Máy tính\bootstrap\ShopmeEcommerce\ShopmeProject\ShopmeWebParent\ShopmeFontEnd\pom.xml.
2023-04-29 12:35:15,632 [Worker-68: Updating Maven Project] INFO  o.e.m.j.i.AbstractJavaProjectConfigurator - Adding source folder /ShopmeFontEnd/src/main/java
2023-04-29 12:35:15,632 [Worker-68: Updating Maven Project] INFO  o.e.m.j.i.AbstractJavaProjectConfigurator - Adding resource folder /ShopmeFontEnd/src/main/resources
2023-04-29 12:35:15,632 [Worker-68: Updating Maven Project] INFO  o.e.m.j.i.AbstractJavaProjectConfigurator - Adding resource folder /ShopmeFontEnd/src/main/resources
2023-04-29 12:35:15,632 [Worker-68: Updating Maven Project] INFO  o.e.m.j.i.AbstractJavaProjectConfigurator - Adding source folder /ShopmeFontEnd/src/test/java
2023-04-29 12:35:15,836 [Worker-68: Updating Maven Project] INFO  o.e.m.c.i.p.ProjectConfigurationManager - Update completed for 1 poms: local refresh takes 0,00 sec, refresh facades takes 0,00 sec, update config takes 0,00 sec 
2023-04-29 12:35:16,096 [Worker-69: Building] INFO  o.a.m.s.f.DefaultMavenResourcesFiltering - Copying 1 resource from src\main\resources to target\classes
2023-04-29 12:35:16,110 [Worker-69: Building] INFO  o.a.m.s.f.DefaultMavenResourcesFiltering - Copying 1 resource from src\main\resources to target\classes
2023-04-29 12:35:16,114 [Worker-69: Building] INFO  o.a.m.s.f.DefaultMavenResourcesFiltering - skip non existing resourceDirectory C:\Users\ASUS\OneDrive\Máy tính\bootstrap\ShopmeEcommerce\ShopmeProject\ShopmeWebParent\ShopmeFontEnd\src\test\resources
2023-04-29 12:36:50,798 [Worker-74: Launching Executing install in C__Users_ASUS_OneDrive_Máy tính_bootstrap_ShopmeEcommerce_ShopmeProject] INFO  o.e.m.i.launch.MavenLaunchDelegate - Run build in "C:\Users\ASUS\OneDrive\Máy tính\bootstrap\ShopmeEcommerce\ShopmeProject":
2023-04-29 12:36:50,799 [Worker-74: Launching Executing install in C__Users_ASUS_OneDrive_Máy tính_bootstrap_ShopmeEcommerce_ShopmeProject] INFO  o.e.m.i.launch.MavenLaunchDelegate -  mvn  -B -Dstyle.color=always install
2023-04-29 12:38:06,320 [Worker-75: Building] INFO  o.a.m.s.f.DefaultMavenResourcesFiltering - Copying 0 resource from src\main\resources to target\classes
2023-04-29 12:38:06,321 [Worker-75: Building] INFO  o.a.m.s.f.DefaultMavenResourcesFiltering - Copying 0 resource from src\main\resources to target\classes
2023-04-29 12:38:06,323 [Worker-75: Building] INFO  o.a.m.s.f.DefaultMavenResourcesFiltering - skip non existing resourceDirectory C:\Users\ASUS\OneDrive\Máy tính\bootstrap\ShopmeEcommerce\ShopmeProject\ShopmeWebParent\ShopmeFontEnd\src\test\resources
2023-04-29 12:38:13,144 [Worker-75: Launching Executing install in C__Users_ASUS_OneDrive_Máy tính_bootstrap_ShopmeEcommerce_ShopmeProject] INFO  o.e.m.i.launch.MavenLaunchDelegate - Run build in "C:\Users\ASUS\OneDrive\Máy tính\bootstrap\ShopmeEcommerce\ShopmeProject":
2023-04-29 12:38:13,144 [Worker-75: Launching Executing install in C__Users_ASUS_OneDrive_Máy tính_bootstrap_ShopmeEcommerce_ShopmeProject] INFO  o.e.m.i.launch.MavenLaunchDelegate -  mvn  -B -Dstyle.color=always install
